{"C:\\Users\\USER\\Desktop\\LIM017-burger-queen\\burger_queen\\src\\index.js": {"path":"C:\\Users\\USER\\Desktop\\LIM017-burger-queen\\burger_queen\\src\\index.js","statementMap":{"0":{"start":{"line":1,"column":0},"end":{"line":null,"column":-1}},"1":{"start":{"line":2,"column":0},"end":{"line":null,"column":-1}},"2":{"start":{"line":3,"column":0},"end":{"line":null,"column":-1}},"3":{"start":{"line":4,"column":0},"end":{"line":null,"column":-1}},"4":{"start":{"line":5,"column":0},"end":{"line":null,"column":-1}},"5":{"start":{"line":7,"column":13},"end":{"line":7,"column":0}},"6":{"start":{"line":8,"column":0},"end":{"line":null,"column":-1}}},"fnMap":{},"branchMap":{},"s":{"0":0,"1":0,"2":0,"3":0,"4":0,"5":0,"6":0},"f":{},"b":{}}
,"C:\\Users\\USER\\Desktop\\LIM017-burger-queen\\burger_queen\\src\\components\\PrivateRoute.js": {"path":"C:\\Users\\USER\\Desktop\\LIM017-burger-queen\\burger_queen\\src\\components\\PrivateRoute.js","statementMap":{"0":{"start":{"line":1,"column":0},"end":{"line":null,"column":-1}},"1":{"start":{"line":2,"column":0},"end":{"line":null,"column":-1}},"2":{"start":{"line":6,"column":0},"end":{"line":null,"column":-1}},"3":{"start":{"line":7,"column":0},"end":{"line":null,"column":-1}},"4":{"start":{"line":9,"column":21},"end":{"line":9,"column":0}},"5":{"start":{"line":10,"column":4},"end":{"line":null,"column":-1}}},"fnMap":{"0":{"name":"(anonymous_0)","decl":{"start":{"line":9,"column":21},"end":{"line":9,"column":22}},"loc":{"start":{"line":9,"column":51},"end":{"line":9,"column":0}}}},"branchMap":{"0":{"loc":{"start":{"line":10,"column":18},"end":{"line":10,"column":15}},"type":"cond-expr","locations":[{"start":{"line":10,"column":18},"end":{"line":10,"column":15}},{"start":{"line":10,"column":34},"end":{"line":10,"column":4}}]}},"s":{"0":0,"1":0,"2":0,"3":0,"4":0,"5":0},"f":{"0":0},"b":{"0":[0,0]}}
,"C:\\Users\\USER\\Desktop\\LIM017-burger-queen\\burger_queen\\src\\components\\Header\\Header.js": {"path":"C:\\Users\\USER\\Desktop\\LIM017-burger-queen\\burger_queen\\src\\components\\Header\\Header.js","statementMap":{"0":{"start":{"line":1,"column":0},"end":{"line":null,"column":-1}},"1":{"start":{"line":2,"column":0},"end":{"line":null,"column":-1}},"2":{"start":{"line":3,"column":0},"end":{"line":null,"column":-1}},"3":{"start":{"line":4,"column":0},"end":{"line":null,"column":-1}},"4":{"start":{"line":5,"column":0},"end":{"line":null,"column":-1}},"5":{"start":{"line":6,"column":0},"end":{"line":null,"column":-1}},"6":{"start":{"line":8,"column":13},"end":{"line":8,"column":0}},"7":{"start":{"line":11,"column":23},"end":{"line":10,"column":19}},"8":{"start":{"line":10,"column":19},"end":{"line":10,"column":18}},"9":{"start":{"line":12,"column":21},"end":{"line":12,"column":4}},"10":{"start":{"line":14,"column":20},"end":{"line":14,"column":4}},"11":{"start":{"line":15,"column":8},"end":{"line":null,"column":-1}},"12":{"start":{"line":17,"column":11},"end":{"line":null,"column":-1}},"13":{"start":{"line":17,"column":35},"end":{"line":null,"column":-1}},"14":{"start":{"line":18,"column":8},"end":{"line":null,"column":-1}},"15":{"start":{"line":19,"column":8},"end":{"line":null,"column":-1}},"16":{"start":{"line":32,"column":4},"end":{"line":null,"column":-1}}},"fnMap":{"0":{"name":"Header","decl":{"start":{"line":10,"column":9},"end":{"line":10,"column":0}},"loc":{"start":{"line":10,"column":19},"end":{"line":39,"column":1}}},"1":{"name":"(anonymous_1)","decl":{"start":{"line":14,"column":20},"end":{"line":14,"column":25}},"loc":{"start":{"line":14,"column":26},"end":{"line":14,"column":4}}},"2":{"name":"(anonymous_2)","decl":{"start":{"line":16,"column":14},"end":{"line":17,"column":7}},"loc":{"start":{"line":17,"column":8},"end":{"line":15,"column":8}}},"3":{"name":"(anonymous_3)","decl":{"start":{"line":17,"column":22},"end":{"line":17,"column":32}},"loc":{"start":{"line":17,"column":33},"end":{"line":17,"column":21}}}},"branchMap":{},"s":{"0":0,"1":0,"2":0,"3":0,"4":0,"5":0,"6":0,"7":0,"8":0,"9":0,"10":0,"11":0,"12":0,"13":0,"14":0,"15":0,"16":0},"f":{"0":0,"1":0,"2":0,"3":0},"b":{}}
,"C:\\Users\\USER\\Desktop\\LIM017-burger-queen\\burger_queen\\src\\components\\KitchenView\\Kitchen.js": {"path":"C:\\Users\\USER\\Desktop\\LIM017-burger-queen\\burger_queen\\src\\components\\KitchenView\\Kitchen.js","statementMap":{"0":{"start":{"line":1,"column":0},"end":{"line":null,"column":-1}},"1":{"start":{"line":2,"column":0},"end":{"line":null,"column":-1}},"2":{"start":{"line":3,"column":0},"end":{"line":null,"column":-1}},"3":{"start":{"line":4,"column":0},"end":{"line":null,"column":-1}},"4":{"start":{"line":5,"column":0},"end":{"line":null,"column":-1}},"5":{"start":{"line":9,"column":30},"end":{"line":7,"column":34}},"6":{"start":{"line":7,"column":34},"end":{"line":null,"column":-1}},"7":{"start":{"line":11,"column":22},"end":{"line":11,"column":2}},"8":{"start":{"line":12,"column":21},"end":{"line":12,"column":4}},"9":{"start":{"line":13,"column":22},"end":{"line":13,"column":4}},"10":{"start":{"line":14,"column":4},"end":{"line":null,"column":-1}},"11":{"start":{"line":15,"column":4},"end":{"line":null,"column":-1}},"12":{"start":{"line":18,"column":2},"end":{"line":null,"column":-1}},"13":{"start":{"line":19,"column":32},"end":{"line":19,"column":4}},"14":{"start":{"line":20,"column":14},"end":{"line":20,"column":4}},"15":{"start":{"line":22,"column":22},"end":{"line":22,"column":4}},"16":{"start":{"line":23,"column":6},"end":{"line":22,"column":22}},"17":{"start":{"line":23,"column":34},"end":{"line":23,"column":16}},"18":{"start":{"line":25,"column":4},"end":{"line":null,"column":-1}},"19":{"start":{"line":28,"column":2},"end":{"line":null,"column":-1}},"20":{"start":{"line":29,"column":2},"end":{"line":null,"column":-1}},"21":{"start":{"line":35,"column":6},"end":{"line":null,"column":-1}},"22":{"start":{"line":39,"column":9},"end":{"line":null,"column":-1}},"23":{"start":{"line":46,"column":102},"end":{"line":null,"column":-1}}},"fnMap":{"0":{"name":"Kitchen","decl":{"start":{"line":7,"column":24},"end":{"line":7,"column":15}},"loc":{"start":{"line":7,"column":34},"end":{"line":56,"column":1}}},"1":{"name":"(anonymous_4)","decl":{"start":{"line":11,"column":22},"end":{"line":11,"column":28}},"loc":{"start":{"line":11,"column":44},"end":{"line":11,"column":2}}},"2":{"name":"(anonymous_5)","decl":{"start":{"line":18,"column":12},"end":{"line":18,"column":17}},"loc":{"start":{"line":18,"column":18},"end":{"line":18,"column":2}}},"3":{"name":"(anonymous_6)","decl":{"start":{"line":22,"column":37},"end":{"line":22,"column":35}},"loc":{"start":{"line":23,"column":6},"end":{"line":22,"column":22}}},"4":{"name":"(anonymous_7)","decl":{"start":{"line":23,"column":35},"end":{"line":23,"column":33}},"loc":{"start":{"line":23,"column":34},"end":{"line":23,"column":16}}},"5":{"name":"(anonymous_8)","decl":{"start":{"line":34,"column":42},"end":{"line":34,"column":40}},"loc":{"start":{"line":34,"column":52},"end":{"line":34,"column":30}}},"6":{"name":"(anonymous_9)","decl":{"start":{"line":38,"column":24},"end":{"line":38,"column":22}},"loc":{"start":{"line":38,"column":36},"end":{"line":38,"column":7}}},"7":{"name":"(anonymous_10)","decl":{"start":{"line":46,"column":95},"end":{"line":46,"column":100}},"loc":{"start":{"line":46,"column":101},"end":{"line":46,"column":10}}}},"branchMap":{"0":{"loc":{"start":{"line":34,"column":7},"end":{"line":34,"column":6}},"type":"binary-expr","locations":[{"start":{"line":34,"column":7},"end":{"line":34,"column":6}},{"start":{"line":34,"column":30},"end":{"line":33,"column":6}}]}},"s":{"0":0,"1":0,"2":0,"3":0,"4":0,"5":0,"6":0,"7":0,"8":0,"9":0,"10":0,"11":0,"12":0,"13":0,"14":0,"15":0,"16":0,"17":0,"18":0,"19":0,"20":0,"21":0,"22":0,"23":0},"f":{"0":0,"1":0,"2":0,"3":0,"4":0,"5":0,"6":0,"7":0},"b":{"0":[0,0]}}
,"C:\\Users\\USER\\Desktop\\LIM017-burger-queen\\burger_queen\\src\\components\\Login\\Carrousel.js": {"path":"C:\\Users\\USER\\Desktop\\LIM017-burger-queen\\burger_queen\\src\\components\\Login\\Carrousel.js","statementMap":{"0":{"start":{"line":1,"column":0},"end":{"line":null,"column":-1}},"1":{"start":{"line":2,"column":0},"end":{"line":null,"column":-1}},"2":{"start":{"line":3,"column":0},"end":{"line":null,"column":-1}},"3":{"start":{"line":5,"column":15},"end":{"line":5,"column":0}},"4":{"start":{"line":6,"column":15},"end":{"line":6,"column":0}},"5":{"start":{"line":7,"column":15},"end":{"line":7,"column":0}},"6":{"start":{"line":9,"column":18},"end":{"line":9,"column":0}},"7":{"start":{"line":10,"column":4},"end":{"line":null,"column":-1}}},"fnMap":{"0":{"name":"(anonymous_0)","decl":{"start":{"line":9,"column":18},"end":{"line":9,"column":23}},"loc":{"start":{"line":9,"column":24},"end":{"line":9,"column":0}}}},"branchMap":{},"s":{"0":0,"1":0,"2":0,"3":0,"4":0,"5":0,"6":0,"7":0},"f":{"0":0},"b":{}}
,"C:\\Users\\USER\\Desktop\\LIM017-burger-queen\\burger_queen\\src\\components\\Login\\Login.js": {"path":"C:\\Users\\USER\\Desktop\\LIM017-burger-queen\\burger_queen\\src\\components\\Login\\Login.js","statementMap":{"0":{"start":{"line":1,"column":0},"end":{"line":null,"column":-1}},"1":{"start":{"line":2,"column":0},"end":{"line":null,"column":-1}},"2":{"start":{"line":3,"column":0},"end":{"line":null,"column":-1}},"3":{"start":{"line":4,"column":0},"end":{"line":null,"column":-1}},"4":{"start":{"line":5,"column":0},"end":{"line":null,"column":-1}},"5":{"start":{"line":6,"column":0},"end":{"line":null,"column":-1}},"6":{"start":{"line":9,"column":26},"end":{"line":8,"column":24}},"7":{"start":{"line":8,"column":24},"end":{"line":null,"column":-1}},"8":{"start":{"line":8,"column":24},"end":{"line":14,"column":1}},"9":{"start":{"line":15,"column":20},"end":{"line":8,"column":24}},"10":{"start":{"line":8,"column":24},"end":{"line":8,"column":23}},"11":{"start":{"line":16,"column":19},"end":{"line":16,"column":2}},"12":{"start":{"line":17,"column":28},"end":{"line":8,"column":24}},"13":{"start":{"line":8,"column":24},"end":{"line":19,"column":1}},"14":{"start":{"line":20,"column":23},"end":{"line":20,"column":2}},"15":{"start":{"line":21,"column":2},"end":{"line":20,"column":2}},"16":{"start":{"line":23,"column":23},"end":{"line":23,"column":2}},"17":{"start":{"line":24,"column":24},"end":{"line":24,"column":4}},"18":{"start":{"line":25,"column":25},"end":{"line":25,"column":4}},"19":{"start":{"line":27,"column":4},"end":{"line":null,"column":-1}},"20":{"start":{"line":28,"column":4},"end":{"line":38,"column":5}},"21":{"start":{"line":29,"column":6},"end":{"line":35,"column":7}},"22":{"start":{"line":30,"column":6},"end":{"line":null,"column":-1}},"23":{"start":{"line":31,"column":6},"end":{"line":null,"column":-1}},"24":{"start":{"line":32,"column":12},"end":{"line":35,"column":7}},"25":{"start":{"line":33,"column":10},"end":{"line":null,"column":-1}},"26":{"start":{"line":34,"column":10},"end":{"line":null,"column":-1}},"27":{"start":{"line":37,"column":6},"end":{"line":null,"column":-1}},"28":{"start":{"line":41,"column":1},"end":{"line":null,"column":-1}}},"fnMap":{"0":{"name":"Login","decl":{"start":{"line":8,"column":16},"end":{"line":8,"column":7}},"loc":{"start":{"line":8,"column":24},"end":{"line":58,"column":1}}},"1":{"name":"(anonymous_4)","decl":{"start":{"line":20,"column":23},"end":{"line":20,"column":24}},"loc":{"start":{"line":21,"column":2},"end":{"line":20,"column":2}}},"2":{"name":"(anonymous_5)","decl":{"start":{"line":23,"column":23},"end":{"line":23,"column":28}},"loc":{"start":{"line":23,"column":35},"end":{"line":23,"column":2}}}},"branchMap":{"0":{"loc":{"start":{"line":29,"column":6},"end":{"line":35,"column":7}},"type":"if","locations":[{"start":{"line":29,"column":6},"end":{"line":35,"column":7}},{"start":{"line":29,"column":6},"end":{"line":35,"column":7}}]},"1":{"loc":{"start":{"line":32,"column":12},"end":{"line":35,"column":7}},"type":"if","locations":[{"start":{"line":32,"column":12},"end":{"line":35,"column":7}},{"start":{"line":32,"column":12},"end":{"line":35,"column":7}}]},"2":{"loc":{"start":{"line":53,"column":31},"end":{"line":53,"column":36}},"type":"binary-expr","locations":[{"start":{"line":53,"column":31},"end":{"line":53,"column":36}},{"start":{"line":53,"column":40},"end":{"line":53,"column":2}}]}},"s":{"0":0,"1":0,"2":0,"3":0,"4":0,"5":0,"6":0,"7":0,"8":0,"9":0,"10":0,"11":0,"12":0,"13":0,"14":0,"15":0,"16":0,"17":0,"18":0,"19":0,"20":0,"21":0,"22":0,"23":0,"24":0,"25":0,"26":0,"27":0,"28":0},"f":{"0":0,"1":0,"2":0},"b":{"0":[0,0],"1":[0,0],"2":[0,0]}}
,"C:\\Users\\USER\\Desktop\\LIM017-burger-queen\\burger_queen\\src\\components\\WaiterView\\OrderReady.js": {"path":"C:\\Users\\USER\\Desktop\\LIM017-burger-queen\\burger_queen\\src\\components\\WaiterView\\OrderReady.js","statementMap":{"0":{"start":{"line":1,"column":0},"end":{"line":null,"column":-1}},"1":{"start":{"line":2,"column":0},"end":{"line":null,"column":-1}},"2":{"start":{"line":3,"column":0},"end":{"line":null,"column":-1}},"3":{"start":{"line":4,"column":0},"end":{"line":null,"column":-1}},"4":{"start":{"line":5,"column":0},"end":{"line":null,"column":-1}},"5":{"start":{"line":8,"column":30},"end":{"line":7,"column":34}},"6":{"start":{"line":7,"column":34},"end":{"line":null,"column":-1}},"7":{"start":{"line":11,"column":22},"end":{"line":11,"column":2}},"8":{"start":{"line":12,"column":21},"end":{"line":12,"column":4}},"9":{"start":{"line":13,"column":22},"end":{"line":13,"column":4}},"10":{"start":{"line":14,"column":4},"end":{"line":null,"column":-1}},"11":{"start":{"line":15,"column":4},"end":{"line":null,"column":-1}},"12":{"start":{"line":18,"column":2},"end":{"line":null,"column":-1}},"13":{"start":{"line":19,"column":32},"end":{"line":19,"column":4}},"14":{"start":{"line":20,"column":14},"end":{"line":20,"column":4}},"15":{"start":{"line":22,"column":20},"end":{"line":22,"column":2}},"16":{"start":{"line":23,"column":2},"end":{"line":22,"column":20}},"17":{"start":{"line":23,"column":30},"end":{"line":23,"column":12}},"18":{"start":{"line":25,"column":2},"end":{"line":null,"column":-1}},"19":{"start":{"line":28,"column":2},"end":{"line":null,"column":-1}},"20":{"start":{"line":29,"column":2},"end":{"line":null,"column":-1}},"21":{"start":{"line":38,"column":12},"end":{"line":null,"column":-1}},"22":{"start":{"line":42,"column":18},"end":{"line":null,"column":-1}},"23":{"start":{"line":56,"column":20},"end":{"line":null,"column":-1}}},"fnMap":{"0":{"name":"Kitchen","decl":{"start":{"line":7,"column":24},"end":{"line":7,"column":15}},"loc":{"start":{"line":7,"column":34},"end":{"line":72,"column":1}}},"1":{"name":"(anonymous_4)","decl":{"start":{"line":11,"column":22},"end":{"line":11,"column":28}},"loc":{"start":{"line":11,"column":44},"end":{"line":11,"column":2}}},"2":{"name":"(anonymous_5)","decl":{"start":{"line":18,"column":12},"end":{"line":18,"column":17}},"loc":{"start":{"line":18,"column":18},"end":{"line":18,"column":2}}},"3":{"name":"(anonymous_6)","decl":{"start":{"line":22,"column":34},"end":{"line":22,"column":32}},"loc":{"start":{"line":23,"column":2},"end":{"line":22,"column":20}}},"4":{"name":"(anonymous_7)","decl":{"start":{"line":23,"column":31},"end":{"line":23,"column":29}},"loc":{"start":{"line":23,"column":30},"end":{"line":23,"column":12}}},"5":{"name":"(anonymous_8)","decl":{"start":{"line":37,"column":22},"end":{"line":37,"column":20}},"loc":{"start":{"line":37,"column":32},"end":{"line":37,"column":10}}},"6":{"name":"(anonymous_9)","decl":{"start":{"line":41,"column":34},"end":{"line":41,"column":32}},"loc":{"start":{"line":41,"column":46},"end":{"line":41,"column":17}}},"7":{"name":"(anonymous_10)","decl":{"start":{"line":55,"column":27},"end":{"line":55,"column":32}},"loc":{"start":{"line":55,"column":33},"end":{"line":52,"column":16}}}},"branchMap":{"0":{"loc":{"start":{"line":36,"column":9},"end":{"line":36,"column":8}},"type":"binary-expr","locations":[{"start":{"line":36,"column":9},"end":{"line":36,"column":8}},{"start":{"line":37,"column":10},"end":{"line":35,"column":6}}]}},"s":{"0":0,"1":0,"2":0,"3":0,"4":0,"5":0,"6":0,"7":0,"8":0,"9":0,"10":0,"11":0,"12":0,"13":0,"14":0,"15":0,"16":0,"17":0,"18":0,"19":0,"20":0,"21":0,"22":0,"23":0},"f":{"0":0,"1":0,"2":0,"3":0,"4":0,"5":0,"6":0,"7":0},"b":{"0":[0,0]}}
,"C:\\Users\\USER\\Desktop\\LIM017-burger-queen\\burger_queen\\src\\components\\WaiterView\\OrdersReady.js": {"path":"C:\\Users\\USER\\Desktop\\LIM017-burger-queen\\burger_queen\\src\\components\\WaiterView\\OrdersReady.js","statementMap":{"0":{"start":{"line":1,"column":0},"end":{"line":null,"column":-1}},"1":{"start":{"line":2,"column":0},"end":{"line":null,"column":-1}},"2":{"start":{"line":3,"column":0},"end":{"line":null,"column":-1}},"3":{"start":{"line":4,"column":0},"end":{"line":null,"column":-1}},"4":{"start":{"line":5,"column":0},"end":{"line":null,"column":-1}},"5":{"start":{"line":6,"column":0},"end":{"line":null,"column":-1}},"6":{"start":{"line":9,"column":30},"end":{"line":8,"column":38}},"7":{"start":{"line":8,"column":38},"end":{"line":null,"column":-1}},"8":{"start":{"line":12,"column":22},"end":{"line":12,"column":2}},"9":{"start":{"line":13,"column":21},"end":{"line":13,"column":4}},"10":{"start":{"line":14,"column":22},"end":{"line":14,"column":4}},"11":{"start":{"line":15,"column":4},"end":{"line":null,"column":-1}},"12":{"start":{"line":16,"column":4},"end":{"line":null,"column":-1}},"13":{"start":{"line":19,"column":2},"end":{"line":null,"column":-1}},"14":{"start":{"line":20,"column":32},"end":{"line":20,"column":4}},"15":{"start":{"line":21,"column":14},"end":{"line":21,"column":4}},"16":{"start":{"line":23,"column":20},"end":{"line":23,"column":2}},"17":{"start":{"line":24,"column":2},"end":{"line":23,"column":20}},"18":{"start":{"line":24,"column":30},"end":{"line":24,"column":12}},"19":{"start":{"line":26,"column":2},"end":{"line":null,"column":-1}},"20":{"start":{"line":29,"column":2},"end":{"line":null,"column":-1}},"21":{"start":{"line":30,"column":2},"end":{"line":null,"column":-1}},"22":{"start":{"line":36,"column":7},"end":{"line":null,"column":-1}},"23":{"start":{"line":40,"column":8},"end":{"line":null,"column":-1}},"24":{"start":{"line":47,"column":75},"end":{"line":null,"column":-1}}},"fnMap":{"0":{"name":"OrdersReady","decl":{"start":{"line":8,"column":24},"end":{"line":8,"column":15}},"loc":{"start":{"line":8,"column":38},"end":{"line":61,"column":1}}},"1":{"name":"(anonymous_4)","decl":{"start":{"line":12,"column":22},"end":{"line":12,"column":28}},"loc":{"start":{"line":12,"column":44},"end":{"line":12,"column":2}}},"2":{"name":"(anonymous_5)","decl":{"start":{"line":19,"column":12},"end":{"line":19,"column":17}},"loc":{"start":{"line":19,"column":18},"end":{"line":19,"column":2}}},"3":{"name":"(anonymous_6)","decl":{"start":{"line":23,"column":34},"end":{"line":23,"column":32}},"loc":{"start":{"line":24,"column":2},"end":{"line":23,"column":20}}},"4":{"name":"(anonymous_7)","decl":{"start":{"line":24,"column":31},"end":{"line":24,"column":29}},"loc":{"start":{"line":24,"column":30},"end":{"line":24,"column":12}}},"5":{"name":"(anonymous_8)","decl":{"start":{"line":35,"column":19},"end":{"line":35,"column":17}},"loc":{"start":{"line":35,"column":29},"end":{"line":35,"column":7}}},"6":{"name":"(anonymous_9)","decl":{"start":{"line":39,"column":25},"end":{"line":39,"column":23}},"loc":{"start":{"line":39,"column":37},"end":{"line":39,"column":8}}},"7":{"name":"(anonymous_10)","decl":{"start":{"line":47,"column":68},"end":{"line":47,"column":73}},"loc":{"start":{"line":47,"column":74},"end":{"line":47,"column":8}}}},"branchMap":{"0":{"loc":{"start":{"line":34,"column":7},"end":{"line":34,"column":6}},"type":"binary-expr","locations":[{"start":{"line":34,"column":7},"end":{"line":34,"column":6}},{"start":{"line":35,"column":7},"end":{"line":33,"column":6}}]}},"s":{"0":0,"1":0,"2":0,"3":0,"4":0,"5":0,"6":0,"7":0,"8":0,"9":0,"10":0,"11":0,"12":0,"13":0,"14":0,"15":0,"16":0,"17":0,"18":0,"19":0,"20":0,"21":0,"22":0,"23":0,"24":0},"f":{"0":0,"1":0,"2":0,"3":0,"4":0,"5":0,"6":0,"7":0},"b":{"0":[0,0]}}
,"C:\\Users\\USER\\Desktop\\LIM017-burger-queen\\burger_queen\\src\\components\\WaiterView\\Plates.js": {"path":"C:\\Users\\USER\\Desktop\\LIM017-burger-queen\\burger_queen\\src\\components\\WaiterView\\Plates.js","statementMap":{"0":{"start":{"line":1,"column":0},"end":{"line":null,"column":-1}},"1":{"start":{"line":2,"column":0},"end":{"line":null,"column":-1}},"2":{"start":{"line":3,"column":0},"end":{"line":null,"column":-1}},"3":{"start":{"line":4,"column":0},"end":{"line":null,"column":-1}},"4":{"start":{"line":5,"column":0},"end":{"line":null,"column":-1}},"5":{"start":{"line":6,"column":0},"end":{"line":null,"column":-1}},"6":{"start":{"line":7,"column":0},"end":{"line":null,"column":-1}},"7":{"start":{"line":9,"column":22},"end":{"line":9,"column":7}},"8":{"start":{"line":11,"column":32},"end":{"line":9,"column":28}},"9":{"start":{"line":9,"column":28},"end":{"line":null,"column":-1}},"10":{"start":{"line":12,"column":34},"end":{"line":9,"column":28}},"11":{"start":{"line":13,"column":36},"end":{"line":9,"column":28}},"12":{"start":{"line":14,"column":21},"end":{"line":14,"column":4}},"13":{"start":{"line":15,"column":22},"end":{"line":15,"column":8}},"14":{"start":{"line":15,"column":44},"end":{"line":15,"column":22}},"15":{"start":{"line":16,"column":8},"end":{"line":20,"column":9}},"16":{"start":{"line":17,"column":10},"end":{"line":null,"column":-1}},"17":{"start":{"line":17,"column":44},"end":{"line":17,"column":23}},"18":{"start":{"line":19,"column":10},"end":{"line":null,"column":-1}},"19":{"start":{"line":22,"column":26},"end":{"line":22,"column":6}},"20":{"start":{"line":23,"column":23},"end":{"line":23,"column":9}},"21":{"start":{"line":23,"column":45},"end":{"line":23,"column":23}},"22":{"start":{"line":24,"column":9},"end":{"line":31,"column":10}},"23":{"start":{"line":25,"column":11},"end":{"line":null,"column":-1}},"24":{"start":{"line":25,"column":48},"end":{"line":25,"column":24}},"25":{"start":{"line":27,"column":10},"end":{"line":null,"column":-1}},"26":{"start":{"line":28,"column":10},"end":{"line":27,"column":23}},"27":{"start":{"line":34,"column":31},"end":{"line":34,"column":6}},"28":{"start":{"line":35,"column":8},"end":{"line":null,"column":-1}},"29":{"start":{"line":38,"column":32},"end":{"line":38,"column":6}},"30":{"start":{"line":39,"column":8},"end":{"line":null,"column":-1}},"31":{"start":{"line":43,"column":2},"end":{"line":null,"column":-1}},"32":{"start":{"line":51,"column":8},"end":{"line":null,"column":-1}},"33":{"start":{"line":54,"column":70},"end":{"line":54,"column":10}}},"fnMap":{"0":{"name":"(anonymous_0)","decl":{"start":{"line":9,"column":22},"end":{"line":9,"column":27}},"loc":{"start":{"line":9,"column":28},"end":{"line":9,"column":7}}},"1":{"name":"(anonymous_1)","decl":{"start":{"line":14,"column":21},"end":{"line":14,"column":19}},"loc":{"start":{"line":14,"column":30},"end":{"line":14,"column":4}}},"2":{"name":"(anonymous_2)","decl":{"start":{"line":15,"column":38},"end":{"line":15,"column":37}},"loc":{"start":{"line":15,"column":44},"end":{"line":15,"column":22}}},"3":{"name":"(anonymous_3)","decl":{"start":{"line":17,"column":38},"end":{"line":17,"column":37}},"loc":{"start":{"line":17,"column":44},"end":{"line":17,"column":23}}},"4":{"name":"(anonymous_4)","decl":{"start":{"line":22,"column":26},"end":{"line":22,"column":24}},"loc":{"start":{"line":22,"column":35},"end":{"line":22,"column":6}}},"5":{"name":"(anonymous_5)","decl":{"start":{"line":23,"column":39},"end":{"line":23,"column":38}},"loc":{"start":{"line":23,"column":45},"end":{"line":23,"column":23}}},"6":{"name":"(anonymous_6)","decl":{"start":{"line":25,"column":42},"end":{"line":25,"column":41}},"loc":{"start":{"line":25,"column":48},"end":{"line":25,"column":24}}},"7":{"name":"(anonymous_7)","decl":{"start":{"line":27,"column":38},"end":{"line":27,"column":37}},"loc":{"start":{"line":28,"column":10},"end":{"line":27,"column":23}}},"8":{"name":"(anonymous_8)","decl":{"start":{"line":34,"column":31},"end":{"line":34,"column":29}},"loc":{"start":{"line":34,"column":39},"end":{"line":34,"column":6}}},"9":{"name":"(anonymous_9)","decl":{"start":{"line":38,"column":32},"end":{"line":38,"column":30}},"loc":{"start":{"line":38,"column":40},"end":{"line":38,"column":6}}},"10":{"name":"(anonymous_10)","decl":{"start":{"line":50,"column":24},"end":{"line":50,"column":22}},"loc":{"start":{"line":50,"column":33},"end":{"line":50,"column":8}}},"11":{"name":"(anonymous_11)","decl":{"start":{"line":54,"column":64},"end":{"line":54,"column":69}},"loc":{"start":{"line":54,"column":70},"end":{"line":54,"column":10}}}},"branchMap":{"0":{"loc":{"start":{"line":16,"column":8},"end":{"line":20,"column":9}},"type":"if","locations":[{"start":{"line":16,"column":8},"end":{"line":20,"column":9}},{"start":{"line":16,"column":8},"end":{"line":20,"column":9}}]},"1":{"loc":{"start":{"line":17,"column":44},"end":{"line":17,"column":95}},"type":"cond-expr","locations":[{"start":{"line":17,"column":44},"end":{"line":17,"column":95}},{"start":{"line":17,"column":96},"end":{"line":17,"column":23}}]},"2":{"loc":{"start":{"line":24,"column":9},"end":{"line":31,"column":10}},"type":"if","locations":[{"start":{"line":24,"column":9},"end":{"line":31,"column":10}},{"start":{"line":24,"column":9},"end":{"line":31,"column":10}}]},"3":{"loc":{"start":{"line":28,"column":10},"end":{"line":28,"column":61}},"type":"cond-expr","locations":[{"start":{"line":28,"column":10},"end":{"line":28,"column":61}},{"start":{"line":28,"column":62},"end":{"line":27,"column":23}}]}},"s":{"0":0,"1":0,"2":0,"3":0,"4":0,"5":0,"6":0,"7":0,"8":0,"9":0,"10":0,"11":0,"12":0,"13":0,"14":0,"15":0,"16":0,"17":0,"18":0,"19":0,"20":0,"21":0,"22":0,"23":0,"24":0,"25":0,"26":0,"27":0,"28":0,"29":0,"30":0,"31":0,"32":0,"33":0},"f":{"0":0,"1":0,"2":0,"3":0,"4":0,"5":0,"6":0,"7":0,"8":0,"9":0,"10":0,"11":0},"b":{"0":[0,0],"1":[0,0],"2":[0,0],"3":[0,0]}}
,"C:\\Users\\USER\\Desktop\\LIM017-burger-queen\\burger_queen\\src\\components\\WaiterView\\WaiterMainView.js": {"path":"C:\\Users\\USER\\Desktop\\LIM017-burger-queen\\burger_queen\\src\\components\\WaiterView\\WaiterMainView.js","statementMap":{"0":{"start":{"line":1,"column":0},"end":{"line":null,"column":-1}},"1":{"start":{"line":2,"column":0},"end":{"line":null,"column":-1}},"2":{"start":{"line":3,"column":0},"end":{"line":null,"column":-1}},"3":{"start":{"line":4,"column":0},"end":{"line":null,"column":-1}},"4":{"start":{"line":5,"column":0},"end":{"line":null,"column":-1}},"5":{"start":{"line":6,"column":0},"end":{"line":null,"column":-1}},"6":{"start":{"line":8,"column":30},"end":{"line":8,"column":7}},"7":{"start":{"line":10,"column":40},"end":{"line":8,"column":36}},"8":{"start":{"line":8,"column":36},"end":{"line":null,"column":-1}},"9":{"start":{"line":11,"column":34},"end":{"line":8,"column":36}},"10":{"start":{"line":12,"column":36},"end":{"line":8,"column":36}},"11":{"start":{"line":8,"column":36},"end":{"line":14,"column":5}},"12":{"start":{"line":15,"column":23},"end":{"line":15,"column":6}},"13":{"start":{"line":16,"column":22},"end":{"line":16,"column":8}},"14":{"start":{"line":16,"column":44},"end":{"line":16,"column":22}},"15":{"start":{"line":17,"column":8},"end":{"line":21,"column":9}},"16":{"start":{"line":18,"column":8},"end":{"line":null,"column":-1}},"17":{"start":{"line":18,"column":42},"end":{"line":18,"column":21}},"18":{"start":{"line":20,"column":8},"end":{"line":null,"column":-1}},"19":{"start":{"line":25,"column":28},"end":{"line":25,"column":8}},"20":{"start":{"line":26,"column":22},"end":{"line":26,"column":8}},"21":{"start":{"line":26,"column":44},"end":{"line":26,"column":22}},"22":{"start":{"line":27,"column":8},"end":{"line":32,"column":9}},"23":{"start":{"line":28,"column":8},"end":{"line":null,"column":-1}},"24":{"start":{"line":28,"column":45},"end":{"line":28,"column":21}},"25":{"start":{"line":30,"column":8},"end":{"line":null,"column":-1}},"26":{"start":{"line":30,"column":42},"end":{"line":30,"column":21}},"27":{"start":{"line":36,"column":35},"end":{"line":36,"column":6}},"28":{"start":{"line":37,"column":22},"end":{"line":37,"column":8}},"29":{"start":{"line":37,"column":44},"end":{"line":37,"column":22}},"30":{"start":{"line":38,"column":8},"end":{"line":38,"column":84}},"31":{"start":{"line":38,"column":28},"end":{"line":null,"column":-1}},"32":{"start":{"line":38,"column":65},"end":{"line":38,"column":41}},"33":{"start":{"line":42,"column":32},"end":{"line":42,"column":6}},"34":{"start":{"line":43,"column":8},"end":{"line":null,"column":-1}},"35":{"start":{"line":47,"column":33},"end":{"line":47,"column":6}},"36":{"start":{"line":48,"column":8},"end":{"line":null,"column":-1}},"37":{"start":{"line":51,"column":2},"end":{"line":null,"column":-1}},"38":{"start":{"line":57,"column":8},"end":{"line":null,"column":-1}},"39":{"start":{"line":60,"column":74},"end":{"line":60,"column":8}}},"fnMap":{"0":{"name":"(anonymous_3)","decl":{"start":{"line":8,"column":30},"end":{"line":8,"column":35}},"loc":{"start":{"line":8,"column":36},"end":{"line":8,"column":7}}},"1":{"name":"(anonymous_4)","decl":{"start":{"line":15,"column":23},"end":{"line":15,"column":21}},"loc":{"start":{"line":15,"column":32},"end":{"line":15,"column":6}}},"2":{"name":"(anonymous_5)","decl":{"start":{"line":16,"column":38},"end":{"line":16,"column":37}},"loc":{"start":{"line":16,"column":44},"end":{"line":16,"column":22}}},"3":{"name":"(anonymous_6)","decl":{"start":{"line":18,"column":36},"end":{"line":18,"column":35}},"loc":{"start":{"line":18,"column":42},"end":{"line":18,"column":21}}},"4":{"name":"(anonymous_7)","decl":{"start":{"line":25,"column":28},"end":{"line":25,"column":26}},"loc":{"start":{"line":25,"column":37},"end":{"line":25,"column":8}}},"5":{"name":"(anonymous_8)","decl":{"start":{"line":26,"column":38},"end":{"line":26,"column":37}},"loc":{"start":{"line":26,"column":44},"end":{"line":26,"column":22}}},"6":{"name":"(anonymous_9)","decl":{"start":{"line":28,"column":39},"end":{"line":28,"column":38}},"loc":{"start":{"line":28,"column":45},"end":{"line":28,"column":21}}},"7":{"name":"(anonymous_10)","decl":{"start":{"line":30,"column":36},"end":{"line":30,"column":35}},"loc":{"start":{"line":30,"column":42},"end":{"line":30,"column":21}}},"8":{"name":"(anonymous_11)","decl":{"start":{"line":36,"column":35},"end":{"line":36,"column":33}},"loc":{"start":{"line":36,"column":44},"end":{"line":36,"column":6}}},"9":{"name":"(anonymous_12)","decl":{"start":{"line":37,"column":38},"end":{"line":37,"column":37}},"loc":{"start":{"line":37,"column":44},"end":{"line":37,"column":22}}},"10":{"name":"(anonymous_13)","decl":{"start":{"line":38,"column":59},"end":{"line":38,"column":58}},"loc":{"start":{"line":38,"column":65},"end":{"line":38,"column":41}}},"11":{"name":"(anonymous_14)","decl":{"start":{"line":42,"column":32},"end":{"line":42,"column":30}},"loc":{"start":{"line":42,"column":42},"end":{"line":42,"column":6}}},"12":{"name":"(anonymous_15)","decl":{"start":{"line":47,"column":33},"end":{"line":47,"column":31}},"loc":{"start":{"line":47,"column":43},"end":{"line":47,"column":6}}},"13":{"name":"(anonymous_16)","decl":{"start":{"line":56,"column":25},"end":{"line":56,"column":23}},"loc":{"start":{"line":56,"column":34},"end":{"line":56,"column":8}}},"14":{"name":"(anonymous_17)","decl":{"start":{"line":60,"column":68},"end":{"line":60,"column":73}},"loc":{"start":{"line":60,"column":74},"end":{"line":60,"column":8}}}},"branchMap":{"0":{"loc":{"start":{"line":17,"column":8},"end":{"line":21,"column":9}},"type":"if","locations":[{"start":{"line":17,"column":8},"end":{"line":21,"column":9}},{"start":{"line":17,"column":8},"end":{"line":21,"column":9}}]},"1":{"loc":{"start":{"line":18,"column":42},"end":{"line":18,"column":103}},"type":"cond-expr","locations":[{"start":{"line":18,"column":42},"end":{"line":18,"column":103}},{"start":{"line":18,"column":104},"end":{"line":18,"column":21}}]},"2":{"loc":{"start":{"line":27,"column":8},"end":{"line":32,"column":9}},"type":"if","locations":[{"start":{"line":27,"column":8},"end":{"line":32,"column":9}},{"start":{"line":27,"column":8},"end":{"line":32,"column":9}}]},"3":{"loc":{"start":{"line":30,"column":42},"end":{"line":30,"column":103}},"type":"cond-expr","locations":[{"start":{"line":30,"column":42},"end":{"line":30,"column":103}},{"start":{"line":30,"column":104},"end":{"line":30,"column":21}}]},"4":{"loc":{"start":{"line":38,"column":8},"end":{"line":38,"column":84}},"type":"if","locations":[{"start":{"line":38,"column":8},"end":{"line":38,"column":84}},{"start":{"line":38,"column":8},"end":{"line":38,"column":84}}]}},"s":{"0":0,"1":0,"2":0,"3":0,"4":0,"5":0,"6":0,"7":0,"8":0,"9":0,"10":0,"11":0,"12":0,"13":0,"14":0,"15":0,"16":0,"17":0,"18":0,"19":0,"20":0,"21":0,"22":0,"23":0,"24":0,"25":0,"26":0,"27":0,"28":0,"29":0,"30":0,"31":0,"32":0,"33":0,"34":0,"35":0,"36":0,"37":0,"38":0,"39":0},"f":{"0":0,"1":0,"2":0,"3":0,"4":0,"5":0,"6":0,"7":0,"8":0,"9":0,"10":0,"11":0,"12":0,"13":0,"14":0},"b":{"0":[0,0],"1":[0,0],"2":[0,0],"3":[0,0],"4":[0,0]}}
,"C:\\Users\\USER\\Desktop\\LIM017-burger-queen\\burger_queen\\src\\components\\WaiterView\\Inputs\\Inputs.js": {"path":"C:\\Users\\USER\\Desktop\\LIM017-burger-queen\\burger_queen\\src\\components\\WaiterView\\Inputs\\Inputs.js","statementMap":{"0":{"start":{"line":1,"column":0},"end":{"line":null,"column":-1}},"1":{"start":{"line":2,"column":0},"end":{"line":null,"column":-1}},"2":{"start":{"line":5,"column":69},"end":{"line":4,"column":24}},"3":{"start":{"line":7,"column":4},"end":{"line":null,"column":-1}},"4":{"start":{"line":10,"column":93},"end":{"line":null,"column":-1}},"5":{"start":{"line":12,"column":94},"end":{"line":null,"column":-1}}},"fnMap":{"0":{"name":"Inputs","decl":{"start":{"line":4,"column":9},"end":{"line":4,"column":0}},"loc":{"start":{"line":4,"column":24},"end":{"line":24,"column":1}}},"1":{"name":"(anonymous_1)","decl":{"start":{"line":10,"column":88},"end":{"line":10,"column":87}},"loc":{"start":{"line":10,"column":92},"end":{"line":10,"column":8}}},"2":{"name":"(anonymous_2)","decl":{"start":{"line":12,"column":89},"end":{"line":12,"column":88}},"loc":{"start":{"line":12,"column":93},"end":{"line":12,"column":8}}}},"branchMap":{},"s":{"0":0,"1":0,"2":0,"3":0,"4":0,"5":0},"f":{"0":0,"1":0,"2":0},"b":{}}
,"C:\\Users\\USER\\Desktop\\LIM017-burger-queen\\burger_queen\\src\\components\\WaiterView\\Plates\\PlatesSelect.js": {"path":"C:\\Users\\USER\\Desktop\\LIM017-burger-queen\\burger_queen\\src\\components\\WaiterView\\Plates\\PlatesSelect.js","statementMap":{"0":{"start":{"line":1,"column":0},"end":{"line":null,"column":-1}},"1":{"start":{"line":2,"column":0},"end":{"line":null,"column":-1}},"2":{"start":{"line":3,"column":0},"end":{"line":null,"column":-1}},"3":{"start":{"line":4,"column":0},"end":{"line":null,"column":-1}},"4":{"start":{"line":5,"column":0},"end":{"line":null,"column":-1}},"5":{"start":{"line":6,"column":0},"end":{"line":null,"column":-1}},"6":{"start":{"line":7,"column":0},"end":{"line":null,"column":-1}},"7":{"start":{"line":9,"column":22},"end":{"line":9,"column":0}},"8":{"start":{"line":10,"column":89},"end":{"line":9,"column":32}},"9":{"start":{"line":11,"column":28},"end":{"line":11,"column":2}},"10":{"start":{"line":13,"column":21},"end":{"line":13,"column":2}},"11":{"start":{"line":13,"column":51},"end":{"line":13,"column":21}},"12":{"start":{"line":16,"column":22},"end":{"line":16,"column":2}},"13":{"start":{"line":17,"column":4},"end":{"line":null,"column":-1}},"14":{"start":{"line":18,"column":4},"end":{"line":38,"column":40}},"15":{"start":{"line":19,"column":4},"end":{"line":null,"column":-1}},"16":{"start":{"line":26,"column":4},"end":{"line":null,"column":-1}},"17":{"start":{"line":27,"column":4},"end":{"line":null,"column":-1}},"18":{"start":{"line":38,"column":16},"end":{"line":null,"column":-1}},"19":{"start":{"line":41,"column":2},"end":{"line":null,"column":-1}},"20":{"start":{"line":49,"column":8},"end":{"line":47,"column":9}},"21":{"start":{"line":53,"column":57},"end":{"line":53,"column":8}},"22":{"start":{"line":55,"column":58},"end":{"line":55,"column":8}},"23":{"start":{"line":59,"column":72},"end":{"line":59,"column":12}}},"fnMap":{"0":{"name":"(anonymous_0)","decl":{"start":{"line":9,"column":22},"end":{"line":9,"column":20}},"loc":{"start":{"line":9,"column":32},"end":{"line":9,"column":0}}},"1":{"name":"(anonymous_1)","decl":{"start":{"line":13,"column":38},"end":{"line":13,"column":39}},"loc":{"start":{"line":13,"column":51},"end":{"line":13,"column":21}}},"2":{"name":"(anonymous_2)","decl":{"start":{"line":16,"column":22},"end":{"line":16,"column":33}},"loc":{"start":{"line":16,"column":34},"end":{"line":16,"column":2}}},"3":{"name":"(anonymous_3)","decl":{"start":{"line":47,"column":24},"end":{"line":47,"column":22}},"loc":{"start":{"line":49,"column":8},"end":{"line":47,"column":9}}},"4":{"name":"(anonymous_4)","decl":{"start":{"line":53,"column":51},"end":{"line":53,"column":56}},"loc":{"start":{"line":53,"column":57},"end":{"line":53,"column":8}}},"5":{"name":"(anonymous_5)","decl":{"start":{"line":55,"column":52},"end":{"line":55,"column":57}},"loc":{"start":{"line":55,"column":58},"end":{"line":55,"column":8}}},"6":{"name":"(anonymous_6)","decl":{"start":{"line":59,"column":66},"end":{"line":59,"column":71}},"loc":{"start":{"line":59,"column":72},"end":{"line":59,"column":12}}}},"branchMap":{},"s":{"0":0,"1":0,"2":0,"3":0,"4":0,"5":0,"6":0,"7":0,"8":0,"9":0,"10":0,"11":0,"12":0,"13":0,"14":0,"15":0,"16":0,"17":0,"18":0,"19":0,"20":0,"21":0,"22":0,"23":0},"f":{"0":0,"1":0,"2":0,"3":0,"4":0,"5":0,"6":0},"b":{}}
,"C:\\Users\\USER\\Desktop\\LIM017-burger-queen\\burger_queen\\src\\components\\WaiterView\\Plates\\TableHeader.js": {"path":"C:\\Users\\USER\\Desktop\\LIM017-burger-queen\\burger_queen\\src\\components\\WaiterView\\Plates\\TableHeader.js","statementMap":{"0":{"start":{"line":6,"column":4},"end":{"line":17,"column":5}}},"fnMap":{"0":{"name":"TableHeader","decl":{"start":{"line":5,"column":9},"end":{"line":5,"column":20}},"loc":{"start":{"line":5,"column":24},"end":{"line":18,"column":1}},"line":5}},"branchMap":{},"s":{"0":2},"f":{"0":2},"b":{},"_coverageSchema":"332fd63041d2c1bcb487cc26dd0d5f7d97098a6c","hash":"f28c2a7fc89371b810f6a09ee51ca53016c0efd3"}
,"C:\\Users\\USER\\Desktop\\LIM017-burger-queen\\burger_queen\\src\\components\\Welcome\\Welcome.js": {"path":"C:\\Users\\USER\\Desktop\\LIM017-burger-queen\\burger_queen\\src\\components\\Welcome\\Welcome.js","statementMap":{"0":{"start":{"line":1,"column":0},"end":{"line":null,"column":-1}},"1":{"start":{"line":2,"column":0},"end":{"line":null,"column":-1}},"2":{"start":{"line":3,"column":0},"end":{"line":null,"column":-1}},"3":{"start":{"line":4,"column":0},"end":{"line":null,"column":-1}},"4":{"start":{"line":7,"column":19},"end":{"line":7,"column":2}},"5":{"start":{"line":8,"column":19},"end":{"line":6,"column":26}},"6":{"start":{"line":6,"column":26},"end":{"line":6,"column":25}},"7":{"start":{"line":9,"column":2},"end":{"line":null,"column":-1}},"8":{"start":{"line":10,"column":2},"end":{"line":null,"column":-1}},"9":{"start":{"line":22,"column":33},"end":{"line":null,"column":-1}}},"fnMap":{"0":{"name":"Welcome","decl":{"start":{"line":6,"column":16},"end":{"line":6,"column":7}},"loc":{"start":{"line":6,"column":26},"end":{"line":24,"column":6}}},"1":{"name":"(anonymous_4)","decl":{"start":{"line":22,"column":20},"end":{"line":22,"column":30}},"loc":{"start":{"line":22,"column":31},"end":{"line":22,"column":19}}}},"branchMap":{},"s":{"0":0,"1":0,"2":0,"3":0,"4":0,"5":0,"6":0,"7":0,"8":0,"9":0},"f":{"0":0,"1":0},"b":{}}
,"C:\\Users\\USER\\Desktop\\LIM017-burger-queen\\burger_queen\\src\\context\\authContext.js": {"path":"C:\\Users\\USER\\Desktop\\LIM017-burger-queen\\burger_queen\\src\\context\\authContext.js","statementMap":{"0":{"start":{"line":1,"column":0},"end":{"line":null,"column":-1}},"1":{"start":{"line":3,"column":0},"end":{"line":null,"column":-1}},"2":{"start":{"line":4,"column":0},"end":{"line":null,"column":-1}},"3":{"start":{"line":7,"column":27},"end":{"line":7,"column":7}},"4":{"start":{"line":9,"column":23},"end":{"line":9,"column":7}},"5":{"start":{"line":10,"column":18},"end":{"line":10,"column":2}},"6":{"start":{"line":11,"column":2},"end":{"line":11,"column":15}},"7":{"start":{"line":11,"column":15},"end":{"line":null,"column":-1}},"8":{"start":{"line":12,"column":2},"end":{"line":null,"column":-1}},"9":{"start":{"line":17,"column":16},"end":{"line":17,"column":2}},"10":{"start":{"line":17,"column":38},"end":{"line":17,"column":2}},"11":{"start":{"line":18,"column":17},"end":{"line":18,"column":2}},"12":{"start":{"line":18,"column":24},"end":{"line":18,"column":2}},"13":{"start":{"line":20,"column":2},"end":{"line":null,"column":-1}}},"fnMap":{"0":{"name":"(anonymous_3)","decl":{"start":{"line":9,"column":23},"end":{"line":9,"column":28}},"loc":{"start":{"line":9,"column":29},"end":{"line":9,"column":7}}},"1":{"name":"AuthProvider","decl":{"start":{"line":15,"column":16},"end":{"line":15,"column":7}},"loc":{"start":{"line":15,"column":43},"end":{"line":22,"column":4}}},"2":{"name":"(anonymous_5)","decl":{"start":{"line":17,"column":16},"end":{"line":17,"column":17}},"loc":{"start":{"line":17,"column":38},"end":{"line":17,"column":2}}},"3":{"name":"(anonymous_6)","decl":{"start":{"line":18,"column":17},"end":{"line":18,"column":23}},"loc":{"start":{"line":18,"column":24},"end":{"line":18,"column":2}}}},"branchMap":{"0":{"loc":{"start":{"line":11,"column":2},"end":{"line":11,"column":15}},"type":"if","locations":[{"start":{"line":11,"column":2},"end":{"line":11,"column":15}},{"start":{"line":11,"column":2},"end":{"line":11,"column":15}}]}},"s":{"0":0,"1":0,"2":0,"3":0,"4":0,"5":0,"6":0,"7":0,"8":0,"9":0,"10":0,"11":0,"12":0,"13":0},"f":{"0":0,"1":0,"2":0,"3":0},"b":{"0":[0,0]}}
,"C:\\Users\\USER\\Desktop\\LIM017-burger-queen\\burger_queen\\src\\firebase\\config.js": {"path":"C:\\Users\\USER\\Desktop\\LIM017-burger-queen\\burger_queen\\src\\firebase\\config.js","statementMap":{"0":{"start":{"line":1,"column":0},"end":{"line":null,"column":-1}},"1":{"start":{"line":2,"column":0},"end":{"line":null,"column":-1}},"2":{"start":{"line":3,"column":0},"end":{"line":null,"column":-1}},"3":{"start":{"line":8,"column":30},"end":{"line":8,"column":7}},"4":{"start":{"line":18,"column":19},"end":{"line":18,"column":7}},"5":{"start":{"line":19,"column":20},"end":{"line":19,"column":7}},"6":{"start":{"line":20,"column":18},"end":{"line":20,"column":7}}},"fnMap":{},"branchMap":{},"s":{"0":0,"1":0,"2":0,"3":0,"4":0,"5":0,"6":0},"f":{},"b":{}}
,"C:\\Users\\USER\\Desktop\\LIM017-burger-queen\\burger_queen\\src\\firebase\\index.js": {"path":"C:\\Users\\USER\\Desktop\\LIM017-burger-queen\\burger_queen\\src\\firebase\\index.js","statementMap":{"0":{"start":{"line":1,"column":0},"end":{"line":null,"column":-1}},"1":{"start":{"line":2,"column":0},"end":{"line":null,"column":-1}},"2":{"start":{"line":3,"column":0},"end":{"line":null,"column":-1}},"3":{"start":{"line":5,"column":13},"end":{"line":5,"column":0}},"4":{"start":{"line":8,"column":21},"end":{"line":8,"column":7}},"5":{"start":{"line":9,"column":4},"end":{"line":null,"column":-1}},"6":{"start":{"line":10,"column":30},"end":{"line":9,"column":11}},"7":{"start":{"line":11,"column":22},"end":{"line":9,"column":11}},"8":{"start":{"line":15,"column":22},"end":{"line":15,"column":7}},"9":{"start":{"line":16,"column":4},"end":{"line":null,"column":-1}},"10":{"start":{"line":18,"column":22},"end":{"line":16,"column":11}},"11":{"start":{"line":22,"column":25},"end":{"line":22,"column":7}},"12":{"start":{"line":23,"column":4},"end":{"line":null,"column":-1}}},"fnMap":{"0":{"name":"(anonymous_0)","decl":{"start":{"line":8,"column":21},"end":{"line":8,"column":22}},"loc":{"start":{"line":8,"column":42},"end":{"line":8,"column":7}}},"1":{"name":"(anonymous_1)","decl":{"start":{"line":10,"column":11},"end":{"line":10,"column":9}},"loc":{"start":{"line":10,"column":30},"end":{"line":9,"column":11}}},"2":{"name":"(anonymous_2)","decl":{"start":{"line":11,"column":12},"end":{"line":11,"column":10}},"loc":{"start":{"line":11,"column":22},"end":{"line":9,"column":11}}},"3":{"name":"(anonymous_3)","decl":{"start":{"line":15,"column":22},"end":{"line":15,"column":27}},"loc":{"start":{"line":15,"column":28},"end":{"line":15,"column":7}}},"4":{"name":"(anonymous_4)","decl":{"start":{"line":17,"column":10},"end":{"line":17,"column":15}},"loc":{"start":{"line":17,"column":16},"end":{"line":16,"column":11}}},"5":{"name":"(anonymous_5)","decl":{"start":{"line":18,"column":12},"end":{"line":18,"column":10}},"loc":{"start":{"line":18,"column":22},"end":{"line":16,"column":11}}},"6":{"name":"(anonymous_6)","decl":{"start":{"line":22,"column":25},"end":{"line":22,"column":23}},"loc":{"start":{"line":22,"column":35},"end":{"line":22,"column":7}}}},"branchMap":{},"s":{"0":0,"1":0,"2":0,"3":0,"4":0,"5":0,"6":0,"7":0,"8":0,"9":0,"10":0,"11":0,"12":0},"f":{"0":0,"1":0,"2":0,"3":0,"4":0,"5":0,"6":0},"b":{}}
,"C:\\Users\\USER\\Desktop\\LIM017-burger-queen\\burger_queen\\src\\router\\App.js": {"path":"C:\\Users\\USER\\Desktop\\LIM017-burger-queen\\burger_queen\\src\\router\\App.js","statementMap":{"0":{"start":{"line":1,"column":0},"end":{"line":null,"column":-1}},"1":{"start":{"line":2,"column":0},"end":{"line":null,"column":-1}},"2":{"start":{"line":3,"column":0},"end":{"line":null,"column":-1}},"3":{"start":{"line":4,"column":0},"end":{"line":null,"column":-1}},"4":{"start":{"line":5,"column":0},"end":{"line":null,"column":-1}},"5":{"start":{"line":6,"column":0},"end":{"line":null,"column":-1}},"6":{"start":{"line":7,"column":0},"end":{"line":null,"column":-1}},"7":{"start":{"line":8,"column":0},"end":{"line":null,"column":-1}},"8":{"start":{"line":9,"column":0},"end":{"line":null,"column":-1}},"9":{"start":{"line":11,"column":31},"end":{"line":11,"column":7}},"10":{"start":{"line":12,"column":19},"end":{"line":12,"column":2}},"11":{"start":{"line":13,"column":2},"end":{"line":null,"column":-1}},"12":{"start":{"line":17,"column":2},"end":{"line":null,"column":-1}}},"fnMap":{"0":{"name":"(anonymous_0)","decl":{"start":{"line":11,"column":31},"end":{"line":11,"column":36}},"loc":{"start":{"line":11,"column":37},"end":{"line":11,"column":7}}},"1":{"name":"App","decl":{"start":{"line":16,"column":9},"end":{"line":16,"column":0}},"loc":{"start":{"line":16,"column":15},"end":{"line":35,"column":1}}}},"branchMap":{},"s":{"0":0,"1":0,"2":0,"3":0,"4":0,"5":0,"6":0,"7":0,"8":0,"9":0,"10":0,"11":0,"12":0},"f":{"0":0,"1":0},"b":{}}
}
